2025-10-08 09:47:05 [INFO] ==== Scheduler Script Started ====
2025-10-08 09:47:05 [INFO] Adding job tentatively -- it will be properly scheduled when the scheduler starts
2025-10-08 09:47:05 [INFO] Adding job tentatively -- it will be properly scheduled when the scheduler starts
2025-10-08 09:47:05 [INFO] Added job "logged_scrape_indus_po_data" to job store "default"
2025-10-08 09:47:05 [INFO] Added job "logged_scrape_and_store_in_redis" to job store "default"
2025-10-08 09:47:05 [INFO] Scheduler started
2025-10-08 09:47:05 [INFO] [Scheduler] Scheduler started
2025-10-08 09:47:06 [INFO] Scheduler has been shut down
2025-10-08 09:47:06 [INFO] [Scheduler] Scheduler stopped
2025-10-08 09:47:07 [INFO] ==== Scheduler Script Started ====
2025-10-08 09:47:07 [INFO] Adding job tentatively -- it will be properly scheduled when the scheduler starts
2025-10-08 09:47:07 [INFO] Adding job tentatively -- it will be properly scheduled when the scheduler starts
2025-10-08 09:47:07 [INFO] Added job "logged_scrape_indus_po_data" to job store "default"
2025-10-08 09:47:07 [INFO] Added job "logged_scrape_and_store_in_redis" to job store "default"
2025-10-08 09:47:07 [INFO] Scheduler started
2025-10-08 09:47:07 [INFO] [Scheduler] Scheduler started
2025-10-08 09:47:11 [INFO] Scheduler has been shut down
2025-10-08 09:47:11 [INFO] [Scheduler] Scheduler stopped
2025-10-08 09:47:11 [INFO] Watching for file changes with StatReloader
2025-10-08 09:47:15 [INFO] ==== Scheduler Script Started ====
2025-10-08 09:47:15 [INFO] Adding job tentatively -- it will be properly scheduled when the scheduler starts
2025-10-08 09:47:15 [INFO] Adding job tentatively -- it will be properly scheduled when the scheduler starts
2025-10-08 09:47:15 [INFO] Added job "logged_scrape_indus_po_data" to job store "default"
2025-10-08 09:47:15 [INFO] Added job "logged_scrape_and_store_in_redis" to job store "default"
2025-10-08 09:47:15 [INFO] Scheduler started
2025-10-08 09:47:15 [INFO] [Scheduler] Scheduler started
2025-10-08 09:47:51 [INFO] Scheduler has been shut down
2025-10-08 09:47:51 [INFO] [Scheduler] Scheduler stopped
2025-10-08 09:47:52 [INFO] ==== Scheduler Script Started ====
2025-10-08 09:47:52 [INFO] Adding job tentatively -- it will be properly scheduled when the scheduler starts
2025-10-08 09:47:52 [INFO] Adding job tentatively -- it will be properly scheduled when the scheduler starts
2025-10-08 09:47:52 [INFO] Added job "logged_scrape_indus_po_data" to job store "default"
2025-10-08 09:47:52 [INFO] Added job "logged_scrape_and_store_in_redis" to job store "default"
2025-10-08 09:47:52 [INFO] Scheduler started
2025-10-08 09:47:52 [INFO] [Scheduler] Scheduler started
2025-10-08 09:47:52 [INFO] Scheduler has been shut down
2025-10-08 09:47:52 [INFO] [Scheduler] Scheduler stopped
2025-10-08 09:47:52 [INFO] Watching for file changes with StatReloader
